<?xml version="1.0" encoding="UTF-8"?>
<testsuite xmlns:xsi="http://www.w3.org/2001/XMLSchema-instance" xsi:noNamespaceSchemaLocation="https://maven.apache.org/surefire/maven-surefire-plugin/xsd/surefire-test-report.xsd" name="com.miage.altea.pokemon_type_api.repository.PokemonRepositoryImplTest" time="0.592" tests="6" errors="0" skipped="0" failures="0">
  <properties>
[...]
</properties>
  <testcase name="applicationContext_shouldLoadPokemonRepository" classname="com.miage.altea.pokemon_type_api.repository.PokemonRepositoryImplTest" time="0.262"/>
  <testcase name="findAllPokemonType_shouldReturn151Pokemons" classname="com.miage.altea.pokemon_type_api.repository.PokemonRepositoryImplTest" time="0.012"/>
  <testcase name="findPokemonTypeById_with25_shouldReturnPikachu" classname="com.miage.altea.pokemon_type_api.repository.PokemonRepositoryImplTest" time="0.006"/>
  <testcase name="findPokemonTypeByName_withEevee_shouldReturnEevee" classname="com.miage.altea.pokemon_type_api.repository.PokemonRepositoryImplTest" time="0.014"/>
  <testcase name="findPokemonTypeByName_withMewTwo_shouldReturnMewTwo" classname="com.miage.altea.pokemon_type_api.repository.PokemonRepositoryImplTest" time="0.007"/>
  <testcase name="findPokemonTypeById_with145_shouldReturnZapdos" classname="com.miage.altea.pokemon_type_api.repository.PokemonRepositoryImplTest" time="0.006"/>
</testsuite>